demo-service : [2021-01-06 09:22:24] [INFO ]
                [com.alibaba.nacos.client.config.impl.LocalConfigInfoProcessor:?]-- LOCAL_SNAPSHOT_PATH:/Users/huenbin/nacos/config
demo-service : [2021-01-06 09:22:24] [INFO ]
                [com.alibaba.nacos.client.config.impl.Limiter:?]-- limitTime:5.0
demo-service : [2021-01-06 09:22:24] [INFO ]
                [com.alibaba.nacos.client.config.utils.JvmUtil:?]-- isMultiInstance:false
demo-service : [2021-01-06 09:22:24] [WARN ]
                [com.alibaba.cloud.nacos.client.NacosPropertySourceBuilder:?]-- Ignore the empty nacos configuration and get it based on dataId[demo-service] & group[DEFAULT_GROUP]
demo-service : [2021-01-06 09:22:24] [WARN ]
                [com.alibaba.cloud.nacos.client.NacosPropertySourceBuilder:?]-- Ignore the empty nacos configuration and get it based on dataId[demo-service.yml] & group[DEFAULT_GROUP]
demo-service : [2021-01-06 09:22:24] [WARN ]
                [com.alibaba.cloud.nacos.client.NacosPropertySourceBuilder:?]-- Ignore the empty nacos configuration and get it based on dataId[demo-service-dev.yml] & group[DEFAULT_GROUP]
demo-service : [2021-01-06 09:22:24] [INFO ]
                [org.springframework.cloud.bootstrap.config.PropertySourceBootstrapConfiguration:?]-- Located property source: [BootstrapPropertySource {name='bootstrapProperties-demo-service-dev.yml,DEFAULT_GROUP'}, BootstrapPropertySource {name='bootstrapProperties-demo-service.yml,DEFAULT_GROUP'}, BootstrapPropertySource {name='bootstrapProperties-demo-service,DEFAULT_GROUP'}, BootstrapPropertySource {name='bootstrapProperties-application-dev.yml,DEFAULT_GROUP'}]
demo-service : [2021-01-06 09:22:24] [INFO ]
                [com.enhinck.demoservice.DemoServiceApplication:?]-- The following profiles are active: dev
demo-service : [2021-01-06 09:22:25] [WARN ]
                [org.springframework.boot.actuate.endpoint.EndpointId:?]-- Endpoint ID 'nacos-config' contains invalid characters, please migrate to a valid format.
demo-service : [2021-01-06 09:22:25] [WARN ]
                [org.springframework.boot.actuate.endpoint.EndpointId:?]-- Endpoint ID 'nacos-discovery' contains invalid characters, please migrate to a valid format.
demo-service : [2021-01-06 09:22:25] [INFO ]
                [org.springframework.data.repository.config.RepositoryConfigurationDelegate:?]-- Multiple Spring Data modules found, entering strict repository configuration mode!
demo-service : [2021-01-06 09:22:25] [INFO ]
                [org.springframework.data.repository.config.RepositoryConfigurationDelegate:?]-- Bootstrapping Spring Data Redis repositories in DEFAULT mode.
demo-service : [2021-01-06 09:22:25] [INFO ]
                [org.springframework.data.repository.config.RepositoryConfigurationDelegate:?]-- Finished Spring Data repository scanning in 6ms. Found 0 Redis repository interfaces.
demo-service : [2021-01-06 09:22:25] [WARN ]
                [org.springframework.boot.actuate.endpoint.EndpointId:?]-- Endpoint ID 'service-registry' contains invalid characters, please migrate to a valid format.
demo-service : [2021-01-06 09:22:25] [INFO ]
                [org.springframework.cloud.context.scope.GenericScope:?]-- BeanFactory id=e23edbf3-f0a5-31f2-9527-c66e883bd8df
demo-service : [2021-01-06 09:22:25] [INFO ]
                [org.springframework.boot.web.embedded.tomcat.TomcatWebServer:?]-- Tomcat initialized with port(s): 3000 (http)
demo-service : [2021-01-06 09:22:25] [INFO ]
                [org.apache.coyote.http11.Http11NioProtocol:?]-- Initializing ProtocolHandler ["http-nio-3000"]
demo-service : [2021-01-06 09:22:25] [INFO ]
                [org.apache.catalina.core.StandardService:?]-- Starting service [Tomcat]
demo-service : [2021-01-06 09:22:25] [INFO ]
                [org.apache.catalina.core.StandardEngine:?]-- Starting Servlet engine: [Apache Tomcat/9.0.41]
demo-service : [2021-01-06 09:22:25] [INFO ]
                [org.apache.catalina.core.ContainerBase.[Tomcat].[localhost].[/]:?]-- Initializing Spring embedded WebApplicationContext
demo-service : [2021-01-06 09:22:25] [INFO ]
                [org.springframework.boot.web.servlet.context.ServletWebServerApplicationContext:?]-- Root WebApplicationContext: initialization completed in 787 ms
demo-service : [2021-01-06 09:22:26] [WARN ]
                [com.netflix.config.sources.URLConfigurationSource:?]-- No URLs will be polled as dynamic configuration sources.
demo-service : [2021-01-06 09:22:26] [INFO ]
                [com.netflix.config.sources.URLConfigurationSource:?]-- To enable URLs as dynamic configuration sources, define System property archaius.configurationSource.additionalUrls or make config.properties available on classpath.
demo-service : [2021-01-06 09:22:26] [WARN ]
                [com.netflix.config.sources.URLConfigurationSource:?]-- No URLs will be polled as dynamic configuration sources.
demo-service : [2021-01-06 09:22:26] [INFO ]
                [com.netflix.config.sources.URLConfigurationSource:?]-- To enable URLs as dynamic configuration sources, define System property archaius.configurationSource.additionalUrls or make config.properties available on classpath.
demo-service : [2021-01-06 09:22:26] [INFO ]
                [org.springframework.scheduling.concurrent.ThreadPoolTaskExecutor:?]-- Initializing ExecutorService 'applicationTaskExecutor'
demo-service : [2021-01-06 09:22:26] [INFO ]
                [org.springframework.scheduling.concurrent.ThreadPoolTaskScheduler:?]-- Initializing ExecutorService 'Nacos-Watch-Task-Scheduler'
demo-service : [2021-01-06 09:22:26] [INFO ]
                [com.alibaba.nacos.client.naming:?]-- initializer namespace from System Property :null
demo-service : [2021-01-06 09:22:26] [INFO ]
                [com.alibaba.nacos.client.naming:?]-- initializer namespace from System Environment :null
demo-service : [2021-01-06 09:22:26] [INFO ]
                [com.alibaba.nacos.client.naming:?]-- initializer namespace from System Property :null
demo-service : [2021-01-06 09:22:26] [INFO ]
                [org.springframework.boot.actuate.endpoint.web.EndpointLinksResolver:?]-- Exposing 19 endpoint(s) beneath base path '/actuator'
demo-service : [2021-01-06 09:22:26] [INFO ]
                [com.alibaba.nacos.client.naming:?]-- [LISTENER] adding DEFAULT_GROUP@@demo-service with DEFAULT to listener map
demo-service : [2021-01-06 09:22:26] [INFO ]
                [org.apache.coyote.http11.Http11NioProtocol:?]-- Starting ProtocolHandler ["http-nio-3000"]
demo-service : [2021-01-06 09:22:26] [INFO ]
                [org.springframework.boot.web.embedded.tomcat.TomcatWebServer:?]-- Tomcat started on port(s): 3000 (http) with context path ''
demo-service : [2021-01-06 09:22:26] [INFO ]
                [com.alibaba.nacos.client.naming:?]-- [BEAT] adding beat: BeatInfo{port=3000, ip='192.168.31.158', weight=1.0, serviceName='DEFAULT_GROUP@@demo-service', cluster='DEFAULT', metadata={preserved.register.source=SPRING_CLOUD}, scheduled=false, period=5000, stopped=false} to beat map.
demo-service : [2021-01-06 09:22:26] [INFO ]
                [com.alibaba.nacos.client.naming:?]-- [REGISTER-SERVICE] public registering service DEFAULT_GROUP@@demo-service with instance: Instance{instanceId='null', ip='192.168.31.158', port=3000, weight=1.0, healthy=true, enabled=true, ephemeral=true, clusterName='DEFAULT', serviceName='null', metadata={preserved.register.source=SPRING_CLOUD}}
demo-service : [2021-01-06 09:22:26] [INFO ]
                [com.alibaba.cloud.nacos.registry.NacosServiceRegistry:?]-- nacos registry, DEFAULT_GROUP demo-service 192.168.31.158:3000 register finished
demo-service : [2021-01-06 09:22:26] [INFO ]
                [com.enhinck.demoservice.DemoServiceApplication:?]-- Started DemoServiceApplication in 2.394 seconds (JVM running for 2.829)
demo-service : [2021-01-06 09:22:26] [INFO ]
                [com.alibaba.nacos.client.config.impl.ClientWorker:?]-- [fixed-127.0.0.1_8848] [subscribe] demo-service.yml+DEFAULT_GROUP
demo-service : [2021-01-06 09:22:26] [INFO ]
                [com.alibaba.nacos.client.config.impl.CacheData:?]-- [fixed-127.0.0.1_8848] [add-listener] ok, tenant=, dataId=demo-service.yml, group=DEFAULT_GROUP, cnt=1
demo-service : [2021-01-06 09:22:26] [INFO ]
                [com.alibaba.nacos.client.config.impl.ClientWorker:?]-- [fixed-127.0.0.1_8848] [subscribe] demo-service+DEFAULT_GROUP
demo-service : [2021-01-06 09:22:26] [INFO ]
                [com.alibaba.nacos.client.config.impl.CacheData:?]-- [fixed-127.0.0.1_8848] [add-listener] ok, tenant=, dataId=demo-service, group=DEFAULT_GROUP, cnt=1
demo-service : [2021-01-06 09:22:26] [INFO ]
                [com.alibaba.nacos.client.config.impl.ClientWorker:?]-- [fixed-127.0.0.1_8848] [subscribe] demo-service-dev.yml+DEFAULT_GROUP
demo-service : [2021-01-06 09:22:26] [INFO ]
                [com.alibaba.nacos.client.config.impl.CacheData:?]-- [fixed-127.0.0.1_8848] [add-listener] ok, tenant=, dataId=demo-service-dev.yml, group=DEFAULT_GROUP, cnt=1
demo-service : [2021-01-06 09:22:27] [INFO ]
                [com.alibaba.nacos.client.naming:?]-- new ips(1) service: DEFAULT_GROUP@@demo-service@@DEFAULT -> [{"instanceId":"192.168.31.158#3000#DEFAULT#DEFAULT_GROUP@@demo-service","ip":"192.168.31.158","port":3000,"weight":1.0,"healthy":true,"enabled":true,"ephemeral":true,"clusterName":"DEFAULT","serviceName":"DEFAULT_GROUP@@demo-service","metadata":{"preserved.register.source":"SPRING_CLOUD"},"ipDeleteTimeout":30000,"instanceHeartBeatInterval":5000,"instanceHeartBeatTimeOut":15000}]
demo-service : [2021-01-06 09:22:27] [INFO ]
                [com.alibaba.nacos.client.naming:?]-- current ips:(1) service: DEFAULT_GROUP@@demo-service@@DEFAULT -> [{"instanceId":"192.168.31.158#3000#DEFAULT#DEFAULT_GROUP@@demo-service","ip":"192.168.31.158","port":3000,"weight":1.0,"healthy":true,"enabled":true,"ephemeral":true,"clusterName":"DEFAULT","serviceName":"DEFAULT_GROUP@@demo-service","metadata":{"preserved.register.source":"SPRING_CLOUD"},"ipDeleteTimeout":30000,"instanceHeartBeatInterval":5000,"instanceHeartBeatTimeOut":15000}]
demo-service : [2021-01-06 09:22:27] [INFO ]
                [com.alibaba.nacos.client.naming:?]-- received push data: {"type":"dom","data":"{\"hosts\":[{\"ip\":\"192.168.31.158\",\"port\":3000,\"valid\":true,\"healthy\":true,\"marked\":false,\"instanceId\":\"192.168.31.158#3000#DEFAULT#DEFAULT_GROUP@@demo-service\",\"metadata\":{\"preserved.register.source\":\"SPRING_CLOUD\"},\"enabled\":true,\"weight\":1.0,\"clusterName\":\"DEFAULT\",\"serviceName\":\"DEFAULT_GROUP@@demo-service\",\"ephemeral\":true}],\"dom\":\"DEFAULT_GROUP@@demo-service\",\"name\":\"DEFAULT_GROUP@@demo-service\",\"cacheMillis\":10000,\"lastRefTime\":1609896147570,\"checksum\":\"39a824d62321fcf480640e27c1e76e71\",\"useSpecifiedURL\":false,\"clusters\":\"DEFAULT\",\"env\":\"\",\"metadata\":{}}","lastRefTime":462833361301999} from /127.0.0.1
demo-service : [2021-01-06 09:22:45] [INFO ]
                [org.apache.tomcat.util.http.parser.Cookie:?]-- A cookie header was received [1603780157; JSESSIONID=3764B70D855EF2A5F9B1CA79F293CEE4] that contained an invalid cookie. That cookie will be ignored.
 Note: further occurrences of this error will be logged at DEBUG level.
demo-service : [2021-01-06 09:22:45] [INFO ]
                [org.apache.catalina.core.ContainerBase.[Tomcat].[localhost].[/]:?]-- Initializing Spring DispatcherServlet 'dispatcherServlet'
demo-service : [2021-01-06 09:22:45] [INFO ]
                [org.springframework.web.servlet.DispatcherServlet:?]-- Initializing Servlet 'dispatcherServlet'
demo-service : [2021-01-06 09:22:45] [INFO ]
                [org.springframework.web.servlet.DispatcherServlet:?]-- Completed initialization in 3 ms
demo-service : [2021-01-06 09:36:03] [INFO ]
                [org.springframework.scheduling.concurrent.ThreadPoolTaskScheduler:?]-- Shutting down ExecutorService 'Nacos-Watch-Task-Scheduler'
demo-service : [2021-01-06 09:36:03] [INFO ]
                [com.alibaba.nacos.client.naming:?]-- [LISTENER] removing DEFAULT_GROUP@@demo-service with DEFAULT from listener map
demo-service : [2021-01-06 09:36:03] [INFO ]
                [com.alibaba.cloud.nacos.registry.NacosServiceRegistry:?]-- De-registering from Nacos Server now...
demo-service : [2021-01-06 09:36:03] [INFO ]
                [com.alibaba.nacos.client.naming:?]-- [BEAT] removing beat: DEFAULT_GROUP@@demo-service:192.168.31.158:3000 from beat map.
demo-service : [2021-01-06 09:36:03] [INFO ]
                [com.alibaba.nacos.client.naming:?]-- [DEREGISTER-SERVICE] public deregistering service DEFAULT_GROUP@@demo-service with instance: Instance{instanceId='null', ip='192.168.31.158', port=3000, weight=1.0, healthy=true, enabled=true, ephemeral=true, clusterName='DEFAULT', serviceName='null', metadata={}}
demo-service : [2021-01-06 09:36:03] [INFO ]
                [com.alibaba.cloud.nacos.registry.NacosServiceRegistry:?]-- De-registration finished.
demo-service : [2021-01-06 09:36:03] [INFO ]
                [com.alibaba.nacos.client.naming:?]-- com.alibaba.nacos.client.naming.beat.BeatReactor do shutdown begin
demo-service : [2021-01-06 09:36:04] [INFO ]
                [com.alibaba.nacos.client.naming:?]-- received push data: {"type":"dom","data":"{\"dom\":\"DEFAULT_GROUP@@demo-service\",\"hosts\":[],\"name\":\"DEFAULT_GROUP@@demo-service\",\"cacheMillis\":10000,\"lastRefTime\":1609896964404,\"checksum\":\"28c5d42f7816e65dab27d229732a20cd\",\"useSpecifiedURL\":false,\"clusters\":\"DEFAULT\",\"env\":\"\",\"metadata\":{}}","lastRefTime":463650180824112} from /127.0.0.1
demo-service : [2021-01-06 09:36:04] [INFO ]
                [com.alibaba.nacos.client.naming:?]-- removed ips(1) service: DEFAULT_GROUP@@demo-service@@DEFAULT -> [{"instanceId":"192.168.31.158#3000#DEFAULT#DEFAULT_GROUP@@demo-service","ip":"192.168.31.158","port":3000,"weight":1.0,"healthy":true,"enabled":true,"ephemeral":true,"clusterName":"DEFAULT","serviceName":"DEFAULT_GROUP@@demo-service","metadata":{"preserved.register.source":"SPRING_CLOUD"},"ipDeleteTimeout":30000,"instanceHeartBeatInterval":5000,"instanceHeartBeatTimeOut":15000}]
demo-service : [2021-01-06 09:36:04] [INFO ]
                [com.alibaba.nacos.client.naming:?]-- current ips:(0) service: DEFAULT_GROUP@@demo-service@@DEFAULT -> []
demo-service : [2021-01-06 09:36:06] [INFO ]
                [com.alibaba.nacos.client.naming:?]-- com.alibaba.nacos.client.naming.beat.BeatReactor do shutdown stop
demo-service : [2021-01-06 09:36:06] [INFO ]
                [com.alibaba.nacos.client.naming:?]-- com.alibaba.nacos.client.naming.core.EventDispatcher do shutdown begin
demo-service : [2021-01-06 09:36:06] [ERROR]
                [com.alibaba.nacos.client.config.http.ServerHttpAgent:?]-- [NACOS ConnectException httpPost] currentServerAddr: http://127.0.0.1:8848, err : Connection refused (Connection refused)
demo-service : [2021-01-06 09:36:06] [ERROR]
                [com.alibaba.nacos.client.config.http.ServerHttpAgent:?]-- [NACOS ConnectException httpPost] currentServerAddr: http://127.0.0.1:8848, err : Connection refused (Connection refused)
demo-service : [2021-01-06 09:36:06] [ERROR]
                [com.alibaba.nacos.client.config.http.ServerHttpAgent:?]-- [NACOS ConnectException httpPost] currentServerAddr: http://127.0.0.1:8848, err : Connection refused (Connection refused)
demo-service : [2021-01-06 09:36:06] [ERROR]
                [com.alibaba.nacos.client.config.http.ServerHttpAgent:?]-- [NACOS ConnectException httpPost] currentServerAddr: http://127.0.0.1:8848, err : Connection refused (Connection refused)
demo-service : [2021-01-06 09:36:06] [ERROR]
                [com.alibaba.nacos.client.config.impl.ClientWorker:?]-- [fixed-127.0.0.1_8848] [check-update] get changed dataId exception
java.net.ConnectException: [NACOS HTTP-POST] The maximum number of tolerable server reconnection errors has been reached
	at com.alibaba.nacos.client.config.http.ServerHttpAgent.httpPost(ServerHttpAgent.java:180)
	at com.alibaba.nacos.client.config.http.MetricsHttpAgent.httpPost(MetricsHttpAgent.java:68)
	at com.alibaba.nacos.client.config.impl.ClientWorker.checkUpdateConfigStr(ClientWorker.java:465)
	at com.alibaba.nacos.client.config.impl.ClientWorker.checkUpdateDataIds(ClientWorker.java:432)
	at com.alibaba.nacos.client.config.impl.ClientWorker$LongPollingRunnable.run(ClientWorker.java:620)
	at java.util.concurrent.Executors$RunnableAdapter.call(Executors.java:511)
	at java.util.concurrent.FutureTask.run(FutureTask.java:266)
	at java.util.concurrent.ScheduledThreadPoolExecutor$ScheduledFutureTask.access$201(ScheduledThreadPoolExecutor.java:180)
	at java.util.concurrent.ScheduledThreadPoolExecutor$ScheduledFutureTask.run(ScheduledThreadPoolExecutor.java:293)
	at java.util.concurrent.ThreadPoolExecutor.runWorker(ThreadPoolExecutor.java:1149)
	at java.util.concurrent.ThreadPoolExecutor$Worker.run(ThreadPoolExecutor.java:624)
	at java.lang.Thread.run(Thread.java:748)
demo-service : [2021-01-06 09:36:06] [ERROR]
                [com.alibaba.nacos.client.config.impl.ClientWorker:?]-- longPolling error : 
java.net.ConnectException: [NACOS HTTP-POST] The maximum number of tolerable server reconnection errors has been reached
	at com.alibaba.nacos.client.config.http.ServerHttpAgent.httpPost(ServerHttpAgent.java:180)
	at com.alibaba.nacos.client.config.http.MetricsHttpAgent.httpPost(MetricsHttpAgent.java:68)
	at com.alibaba.nacos.client.config.impl.ClientWorker.checkUpdateConfigStr(ClientWorker.java:465)
	at com.alibaba.nacos.client.config.impl.ClientWorker.checkUpdateDataIds(ClientWorker.java:432)
	at com.alibaba.nacos.client.config.impl.ClientWorker$LongPollingRunnable.run(ClientWorker.java:620)
	at java.util.concurrent.Executors$RunnableAdapter.call(Executors.java:511)
	at java.util.concurrent.FutureTask.run(FutureTask.java:266)
	at java.util.concurrent.ScheduledThreadPoolExecutor$ScheduledFutureTask.access$201(ScheduledThreadPoolExecutor.java:180)
	at java.util.concurrent.ScheduledThreadPoolExecutor$ScheduledFutureTask.run(ScheduledThreadPoolExecutor.java:293)
	at java.util.concurrent.ThreadPoolExecutor.runWorker(ThreadPoolExecutor.java:1149)
	at java.util.concurrent.ThreadPoolExecutor$Worker.run(ThreadPoolExecutor.java:624)
	at java.lang.Thread.run(Thread.java:748)
